------------------------------------
Packing timestamp: 2022-02-21 22:44:53
OMT plugin version: null
User ID: "souto"
Project name: [C:\Users\souto\Sync\_Tasks\c097_PISA2021-PIAACC2_OmegaT\02_Templates\_templates_2current\repo\omegat-okapi-xliff\XLIFF_pretranslated_OMT]
Package name: [C:\Users\souto\Sync\_Tasks\c097_PISA2021-PIAACC2_OmegaT\02_Templates\_templates_2current\repo\omegat-okapi-xliff\XLIFF_pretranslated_OMT.omt]
addZipDir	file	[dictionary\.empty]
addZipDir	file	[glossary\.empty]
addZipDir	file	[omegat\filters.xml]
addZipDir	file	[omegat\ignored_words.txt]
addZipDir	file	[omegat\last_entry.properties]
addZipDir	file	[omegat\learned_words.txt]
Exclude entry [omegat/omt-packer.log] from regex [omt-packer\.log$]
addZipDir	file	[omegat\project_save.tmx]
addZipDir	file	[omegat\project_save.tmx.202202212046.bak]
addZipDir	file	[omegat\project_stats.txt]
addZipDir	project	[omegat.project]
addZipDir	file	[source\file.xlf]
addZipDir	file	[target\.empty]
addZipDir	file	[tm\.empty]
Added 13 files to the Zip.
------------------------------------
Packing timestamp: 2022-03-02 19:16:33
OMT plugin version: null
User ID: "pico"
Project name: [C:\Users\souto\Sync\_Tasks\c097_PISA2021-PIAACC2_OmegaT\02_Templates\_templates_2current\repo\omegat-okapi-xliff\projects\XLIFF_pretranslated_OMT]
Package name: [C:\Users\souto\Sync\_Tasks\c097_PISA2021-PIAACC2_OmegaT\02_Templates\_templates_2current\repo\omegat-okapi-xliff\projects\03_ToVerification\XLIFF_QQ_pretranslated_OMT.omt]
addZipDir	file	[dictionary\.empty]
addZipDir	file	[glossary\.empty]
addZipDir	file	[omegat\filters.xml]
addZipDir	file	[omegat\ignored_words.txt]
addZipDir	file	[omegat\last_entry.properties]
addZipDir	file	[omegat\learned_words.txt]
Exclude entry [omegat/omt-packer.log] from regex [omt-packer\.log$]
addZipDir	file	[omegat\project_save.tmx]
addZipDir	file	[omegat\project_save.tmx.202202212046.bak]
addZipDir	file	[omegat\project_save.tmx.202202212245.bak]
addZipDir	file	[omegat\project_save.tmx.202203021909.bak]
addZipDir	file	[omegat\project_save.tmx.202203021913.bak]
addZipDir	file	[omegat\project_save.tmx.202203021914.bak]
addZipDir	file	[omegat\project_save.tmx.202203021915.bak]
addZipDir	file	[omegat\project_save.tmx.bak]
addZipDir	file	[omegat\project_stats.txt]
addZipDir	project	[omegat.project]
addZipDir	file	[source\gaming_q.html.xlf]
addZipDir	file	[source\paq.xml.xlf]
addZipDir	file	[target\.empty]
Exclude entry [target/gaming_q.html.xlf] from regex [^target/.+\..+]
Exclude entry [target/paq.xml.xlf] from regex [^target/.+\..+]
addZipDir	file	[tm\.empty]
Exclude entry [XLIFF_pretranslated_OMT-level1.tmx] from regex [^(?!tm).*-(level\d|omegat)\.tmx$]
Exclude entry [XLIFF_pretranslated_OMT-level2.tmx] from regex [^(?!tm).*-(level\d|omegat)\.tmx$]
Exclude entry [XLIFF_pretranslated_OMT-omegat.tmx] from regex [^(?!tm).*-(level\d|omegat)\.tmx$]
Added 20 files to the Zip.
------------------------------------
Packing timestamp: 2022-03-02 19:18:25
OMT plugin version: null
User ID: "pico"
Project name: [C:\Users\souto\Sync\_Tasks\c097_PISA2021-PIAACC2_OmegaT\02_Templates\_templates_2current\repo\omegat-okapi-xliff\projects\XLIFF_pretranslated_OMT]
Package name: [C:\Users\souto\Sync\_Tasks\c097_PISA2021-PIAACC2_OmegaT\02_Templates\_templates_2current\repo\omegat-okapi-xliff\projects\04_FromVerification\XLIFF_QQ_pretranslated_OMT.omt]
addZipDir	file	[dictionary\.empty]
addZipDir	file	[glossary\.empty]
addZipDir	file	[omegat\filters.xml]
addZipDir	file	[omegat\ignored_words.txt]
addZipDir	file	[omegat\last_entry.properties]
addZipDir	file	[omegat\learned_words.txt]
Exclude entry [omegat/omt-packer.log] from regex [omt-packer\.log$]
addZipDir	file	[omegat\project_save.tmx]
addZipDir	file	[omegat\project_save.tmx.202202212046.bak]
addZipDir	file	[omegat\project_save.tmx.202202212245.bak]
addZipDir	file	[omegat\project_save.tmx.202203021909.bak]
addZipDir	file	[omegat\project_save.tmx.202203021913.bak]
addZipDir	file	[omegat\project_save.tmx.202203021914.bak]
addZipDir	file	[omegat\project_save.tmx.202203021915.bak]
addZipDir	file	[omegat\project_save.tmx.bak]
addZipDir	file	[omegat\project_stats.txt]
addZipDir	project	[omegat.project]
addZipDir	file	[source\gaming_q.html.xlf]
addZipDir	file	[source\paq.xml.xlf]
addZipDir	file	[target\.empty]
Exclude entry [target/gaming_q.html.xlf] from regex [^target/.+\..+]
Exclude entry [target/paq.xml.xlf] from regex [^target/.+\..+]
addZipDir	file	[tm\.empty]
Exclude entry [XLIFF_pretranslated_OMT-level1.tmx] from regex [^(?!tm).*-(level\d|omegat)\.tmx$]
Exclude entry [XLIFF_pretranslated_OMT-level2.tmx] from regex [^(?!tm).*-(level\d|omegat)\.tmx$]
Exclude entry [XLIFF_pretranslated_OMT-omegat.tmx] from regex [^(?!tm).*-(level\d|omegat)\.tmx$]
Added 20 files to the Zip.
