------------------------------------
Packing timestamp: 2022-02-21 22:44:40
OMT plugin version: null
User ID: "souto"
Project name: [C:\Users\souto\Sync\_Tasks\c097_PISA2021-PIAACC2_OmegaT\02_Templates\_templates_2current\repo\omegat-okapi-xliff\XLIFF_untranslated_OMT]
Package name: [C:\Users\souto\Sync\_Tasks\c097_PISA2021-PIAACC2_OmegaT\02_Templates\_templates_2current\repo\omegat-okapi-xliff\XLIFF_untranslated_OMT.omt]
addZipDir	file	[dictionary\.empty]
addZipDir	file	[glossary\.empty]
createEmptyFile	[glossary\glossary\.empty]
addZipDir	file	[omegat\filters.xml]
addZipDir	file	[omegat\ignored_words.txt]
addZipDir	file	[omegat\last_entry.properties]
addZipDir	file	[omegat\learned_words.txt]
Exclude entry [omegat/omt-packer.log] from regex [omt-packer\.log$]
addZipDir	file	[omegat\project_save.tmx]
addZipDir	file	[omegat\project_save.tmx.202202212046.bak]
addZipDir	file	[omegat\project_stats.txt]
addZipDir	project	[omegat.project]
addZipDir	file	[source\file.xlf]
addZipDir	file	[target\.empty]
createEmptyFile	[target\target\.empty]
addZipDir	file	[tm\.empty]
Added 13 files to the Zip.
------------------------------------
Packing timestamp: 2022-02-28 23:56:59
OMT plugin version: null
User ID: "pico"
Project name: [C:\Users\souto\Sync\_Tasks\c097_PISA2021-PIAACC2_OmegaT\02_Templates\_templates_2current\repo\omegat-okapi-xliff\projects\XLIFF_untranslated_OMT]
Package name: [C:\Users\souto\Sync\_Tasks\c097_PISA2021-PIAACC2_OmegaT\02_Templates\_templates_2current\repo\omegat-okapi-xliff\projects\HTML-XML_untranslated_OMT.omt]
addZipDir	file	[dictionary\.empty]
addZipDir	file	[glossary\.empty]
createEmptyFile	[glossary\glossary\.empty]
addZipDir	file	[omegat\filters.xml]
addZipDir	file	[omegat\ignored_words.txt]
addZipDir	file	[omegat\last_entry.properties]
addZipDir	file	[omegat\learned_words.txt]
addZipDir	file	[omegat\okf_html@qq.fprm]
addZipDir	file	[omegat\okf_xml@qq.fprm]
Exclude entry [omegat/omt-packer.log] from regex [omt-packer\.log$]
addZipDir	file	[omegat\project_save.tmx]
addZipDir	file	[omegat\project_save.tmx.202202212046.bak]
addZipDir	file	[omegat\project_save.tmx.202202212245.bak]
addZipDir	file	[omegat\project_save.tmx.202202281315.bak]
addZipDir	file	[omegat\project_save.tmx.202202281318.bak]
addZipDir	file	[omegat\project_save.tmx.202202281430.bak]
addZipDir	file	[omegat\project_save.tmx.202202281915.bak]
addZipDir	file	[omegat\project_save.tmx.202202282216.bak]
addZipDir	file	[omegat\project_save.tmx.202202282311.bak]
addZipDir	file	[omegat\project_save.tmx.bak]
addZipDir	file	[omegat\project_stats.txt]
addZipDir	project	[omegat.project]
addZipDir	file	[source\file.xlf]
addZipDir	file	[source\gaming_q.html]
addZipDir	file	[source\okf_html@qq.fprm]
addZipDir	file	[source\okf_xml@qq.fprm]
addZipDir	file	[source\pack1\manifest.rkm]
addZipDir	file	[source\pack1\original\gaming_q.html]
addZipDir	file	[source\pack1\original\paq.xml]
addZipDir	file	[source\pack1\work\gaming_q.html.xlf]
addZipDir	file	[source\pack1\work\paq.xml.xlf]
addZipDir	file	[source\pack1b\manifest.rkm]
addZipDir	file	[source\pack1b\original\gaming_q.html]
addZipDir	file	[source\pack1b\original\paq.xml]
addZipDir	file	[source\pack1b\work\gaming_q.html.xlf]
addZipDir	file	[source\pack1b\work\paq.xml.xlf]
addZipDir	file	[source\paq.xml]
addZipDir	file	[source\pisa25_qq.rnb]
addZipDir	file	[source\styles.css]
addZipDir	file	[source - Copy\01_file1.txt]
addZipDir	file	[source - Copy\file.xlf]
addZipDir	file	[source - Copy\page.html]
addZipDir	file	[source - Copy\pisa25_qq]
addZipDir	file	[source - Copy\q.xml]
addZipDir	file	[source - Copy\survey.html]
Exclude entry [target/external.js] from regex [^target/.+\..+]
Exclude entry [target/file.xlf] from regex [^target/.+\..+]
Exclude entry [target/gaming_q.html] from regex [^target/.+\..+]
Exclude entry [target/okf_html@qq.fprm] from regex [^target/.+\..+]
Exclude entry [target/okf_xml@qq.fprm] from regex [^target/.+\..+]
Exclude entry [target/pack1/manifest.rkm] from regex [^target/.+\..+]
Exclude entry [target/pack1/original/gaming_q.html] from regex [^target/.+\..+]
Exclude entry [target/pack1/original/paq.xml] from regex [^target/.+\..+]
createEmptyFile	[target\pack1\original\.empty]
Exclude entry [target/pack1/work/gaming_q.html.xlf] from regex [^target/.+\..+]
Exclude entry [target/pack1/work/paq.xml.xlf] from regex [^target/.+\..+]
createEmptyFile	[target\pack1\work\.empty]
createEmptyFile	[target\pack1\.empty]
Exclude entry [target/paq.xml] from regex [^target/.+\..+]
Exclude entry [target/pisa25_qq.rnb] from regex [^target/.+\..+]
Exclude entry [target/styles.css] from regex [^target/.+\..+]
createEmptyFile	[target\.empty]
addZipDir	file	[tm\.empty]
Exclude entry [XLIFF_untranslated_OMT-level1.tmx] from regex [^(?!tm).*-(level\d|omegat)\.tmx$]
Exclude entry [XLIFF_untranslated_OMT-level2.tmx] from regex [^(?!tm).*-(level\d|omegat)\.tmx$]
Exclude entry [XLIFF_untranslated_OMT-omegat.tmx] from regex [^(?!tm).*-(level\d|omegat)\.tmx$]
Added 44 files to the Zip.
------------------------------------
Packing timestamp: 2022-03-02 18:55:22
OMT plugin version: null
User ID: "pico"
Project name: [C:\Users\souto\Sync\_Tasks\c097_PISA2021-PIAACC2_OmegaT\02_Templates\_templates_2current\repo\omegat-okapi-xliff\projects\XLIFF_untranslated_OMT]
Package name: [C:\Users\souto\Sync\_Tasks\c097_PISA2021-PIAACC2_OmegaT\02_Templates\_templates_2current\repo\omegat-okapi-xliff\projects\01_ToTranslation\XLIFF_questionnaires_OMT.omt]
addZipDir	file	[dictionary\.empty]
addZipDir	file	[glossary\.empty]
createEmptyFile	[glossary\glossary\.empty]
addZipDir	file	[omegat\filters.xml]
addZipDir	file	[omegat\ignored_words.txt]
addZipDir	file	[omegat\last_entry.properties]
addZipDir	file	[omegat\learned_words.txt]
addZipDir	file	[omegat\okf_html@qq.fprm]
addZipDir	file	[omegat\okf_xml@qq.fprm]
Exclude entry [omegat/omt-packer.log] from regex [omt-packer\.log$]
addZipDir	file	[omegat\project_save.tmx]
addZipDir	file	[omegat\project_save.tmx.202203012112.bak]
addZipDir	file	[omegat\project_save.tmx.202203012125.bak]
addZipDir	file	[omegat\project_save.tmx.202203012134.bak]
addZipDir	file	[omegat\project_save.tmx.bak]
addZipDir	file	[omegat\project_stats.txt]
addZipDir	project	[omegat.project]
addZipDir	file	[source\gaming_q.html.xlf]
addZipDir	file	[source\pack1b\alternates.tmx]
addZipDir	file	[source\pack1b\approved.tmx]
addZipDir	file	[source\pack1b\leverage.tmx]
addZipDir	file	[source\pack1b\unapproved.tmx]
addZipDir	file	[source\paq.xml.xlf]
addZipDir	file	[source\pisa25_qq.rnb]
addZipDir	file	[source - Copy\01_file1.txt]
addZipDir	file	[source - Copy\file.xlf]
addZipDir	file	[source - Copy\page.html]
addZipDir	file	[source - Copy\pisa25_qq]
addZipDir	file	[source - Copy\q.xml]
addZipDir	file	[source - Copy\survey.html]
Exclude entry [target/external.js] from regex [^target/.+\..+]
Exclude entry [target/file.xlf] from regex [^target/.+\..+]
Exclude entry [target/gaming_q.html] from regex [^target/.+\..+]
Exclude entry [target/gaming_q.html.xlf] from regex [^target/.+\..+]
Exclude entry [target/okf_html@qq.fprm] from regex [^target/.+\..+]
Exclude entry [target/okf_xml@qq.fprm] from regex [^target/.+\..+]
Exclude entry [target/pack1/manifest.rkm] from regex [^target/.+\..+]
Exclude entry [target/pack1/original/gaming_q.html] from regex [^target/.+\..+]
Exclude entry [target/pack1/original/paq.xml] from regex [^target/.+\..+]
createEmptyFile	[target\pack1\original\.empty]
Exclude entry [target/pack1/work/gaming_q.html.xlf] from regex [^target/.+\..+]
Exclude entry [target/pack1/work/paq.xml.xlf] from regex [^target/.+\..+]
createEmptyFile	[target\pack1\work\.empty]
createEmptyFile	[target\pack1\.empty]
Exclude entry [target/paq.xml] from regex [^target/.+\..+]
Exclude entry [target/paq.xml.xlf] from regex [^target/.+\..+]
Exclude entry [target/pisa25_qq.rnb] from regex [^target/.+\..+]
Exclude entry [target/styles.css] from regex [^target/.+\..+]
createEmptyFile	[target\.empty]
createEmptyFile	[tm\auto\.empty]
createEmptyFile	[tm\.empty]
addZipDir	file	[tm_bak\auto\gaming_q.html.xlf]
addZipDir	file	[tm_bak\auto\paq.xml.xlf]
Exclude entry [XLIFF_untranslated_OMT-level1.tmx] from regex [^(?!tm).*-(level\d|omegat)\.tmx$]
Exclude entry [XLIFF_untranslated_OMT-level2.tmx] from regex [^(?!tm).*-(level\d|omegat)\.tmx$]
Added 30 files to the Zip.
------------------------------------
Packing timestamp: 2022-03-02 18:58:14
OMT plugin version: null
User ID: "pico"
Project name: [C:\Users\souto\Sync\_Tasks\c097_PISA2021-PIAACC2_OmegaT\02_Templates\_templates_2current\repo\omegat-okapi-xliff\projects\XLIFF_untranslated_OMT]
Package name: [C:\Users\souto\Sync\_Tasks\c097_PISA2021-PIAACC2_OmegaT\02_Templates\_templates_2current\repo\omegat-okapi-xliff\projects\02_FromTranslation\XLIFF_untranslated_OMT.omt]
addZipDir	file	[dictionary\.empty]
addZipDir	file	[glossary\.empty]
createEmptyFile	[glossary\glossary\.empty]
addZipDir	file	[omegat\filters.xml]
addZipDir	file	[omegat\ignored_words.txt]
addZipDir	file	[omegat\last_entry.properties]
addZipDir	file	[omegat\learned_words.txt]
addZipDir	file	[omegat\okf_html@qq.fprm]
addZipDir	file	[omegat\okf_xml@qq.fprm]
Exclude entry [omegat/omt-packer.log] from regex [omt-packer\.log$]
addZipDir	file	[omegat\project_save.tmx]
addZipDir	file	[omegat\project_save.tmx.202203012112.bak]
addZipDir	file	[omegat\project_save.tmx.202203012125.bak]
addZipDir	file	[omegat\project_save.tmx.202203012134.bak]
addZipDir	file	[omegat\project_save.tmx.bak]
addZipDir	file	[omegat\project_stats.txt]
addZipDir	project	[omegat.project]
addZipDir	file	[source\gaming_q.html.xlf]
addZipDir	file	[source\pack1b\alternates.tmx]
addZipDir	file	[source\pack1b\approved.tmx]
addZipDir	file	[source\pack1b\leverage.tmx]
addZipDir	file	[source\pack1b\unapproved.tmx]
addZipDir	file	[source\paq.xml.xlf]
addZipDir	file	[source\pisa25_qq.rnb]
addZipDir	file	[source - Copy\01_file1.txt]
addZipDir	file	[source - Copy\file.xlf]
addZipDir	file	[source - Copy\page.html]
addZipDir	file	[source - Copy\pisa25_qq]
addZipDir	file	[source - Copy\q.xml]
addZipDir	file	[source - Copy\survey.html]
Exclude entry [target/external.js] from regex [^target/.+\..+]
Exclude entry [target/file.xlf] from regex [^target/.+\..+]
Exclude entry [target/gaming_q.html] from regex [^target/.+\..+]
Exclude entry [target/gaming_q.html.xlf] from regex [^target/.+\..+]
Exclude entry [target/okf_html@qq.fprm] from regex [^target/.+\..+]
Exclude entry [target/okf_xml@qq.fprm] from regex [^target/.+\..+]
Exclude entry [target/pack1/manifest.rkm] from regex [^target/.+\..+]
Exclude entry [target/pack1/original/gaming_q.html] from regex [^target/.+\..+]
Exclude entry [target/pack1/original/paq.xml] from regex [^target/.+\..+]
createEmptyFile	[target\pack1\original\.empty]
Exclude entry [target/pack1/work/gaming_q.html.xlf] from regex [^target/.+\..+]
Exclude entry [target/pack1/work/paq.xml.xlf] from regex [^target/.+\..+]
createEmptyFile	[target\pack1\work\.empty]
createEmptyFile	[target\pack1\.empty]
Exclude entry [target/paq.xml] from regex [^target/.+\..+]
Exclude entry [target/paq.xml.xlf] from regex [^target/.+\..+]
Exclude entry [target/pisa25_qq.rnb] from regex [^target/.+\..+]
Exclude entry [target/styles.css] from regex [^target/.+\..+]
createEmptyFile	[target\.empty]
createEmptyFile	[tm\auto\.empty]
addZipDir	file	[tm\project_save.tmx]
addZipDir	file	[tm_bak\auto\gaming_q.html.xlf]
addZipDir	file	[tm_bak\auto\paq.xml.xlf]
Exclude entry [XLIFF_untranslated_OMT-level1.tmx] from regex [^(?!tm).*-(level\d|omegat)\.tmx$]
Exclude entry [XLIFF_untranslated_OMT-level2.tmx] from regex [^(?!tm).*-(level\d|omegat)\.tmx$]
Added 31 files to the Zip.
------------------------------------
Packing timestamp: 2022-03-02 19:24:34
OMT plugin version: null
User ID: "pico"
Project name: [C:\Users\souto\Sync\_Tasks\c097_PISA2021-PIAACC2_OmegaT\02_Templates\_templates_2current\repo\omegat-okapi-xliff\projects\XLIFF_untranslated_OMT]
Package name: [C:\Users\souto\Sync\_Tasks\c097_PISA2021-PIAACC2_OmegaT\02_Templates\_templates_2current\repo\omegat-okapi-xliff\projects\02_FromTranslation\XLIFF_QQ_unxl8d-src_OMT.omt]
addZipDir	file	[dictionary\.empty]
addZipDir	file	[glossary\.empty]
createEmptyFile	[glossary\glossary\.empty]
addZipDir	file	[omegat\filters.xml]
addZipDir	file	[omegat\ignored_words.txt]
addZipDir	file	[omegat\last_entry.properties]
addZipDir	file	[omegat\learned_words.txt]
addZipDir	file	[omegat\okf_html@qq.fprm]
addZipDir	file	[omegat\okf_xml@qq.fprm]
Exclude entry [omegat/omt-packer.log] from regex [omt-packer\.log$]
addZipDir	file	[omegat\project_save.tmx]
addZipDir	file	[omegat\project_save.tmx.202203012112.bak]
addZipDir	file	[omegat\project_save.tmx.202203012125.bak]
addZipDir	file	[omegat\project_save.tmx.202203012134.bak]
addZipDir	file	[omegat\project_save.tmx.202203021857.bak]
addZipDir	file	[omegat\project_save.tmx.bak]
addZipDir	file	[omegat\project_stats.txt]
addZipDir	project	[omegat.project]
addZipDir	file	[source\gaming_q.html.xlf]
addZipDir	file	[source\pack1b\alternates.tmx]
addZipDir	file	[source\pack1b\approved.tmx]
addZipDir	file	[source\pack1b\leverage.tmx]
addZipDir	file	[source\pack1b\unapproved.tmx]
addZipDir	file	[source\paq.xml.xlf]
addZipDir	file	[source\pisa25_qq.rnb]
addZipDir	file	[source - Copy\01_file1.txt]
addZipDir	file	[source - Copy\file.xlf]
addZipDir	file	[source - Copy\page.html]
addZipDir	file	[source - Copy\pisa25_qq]
addZipDir	file	[source - Copy\q.xml]
addZipDir	file	[source - Copy\survey.html]
Exclude entry [target/external.js] from regex [^target/.+\..+]
Exclude entry [target/file.xlf] from regex [^target/.+\..+]
Exclude entry [target/gaming_q.html] from regex [^target/.+\..+]
Exclude entry [target/gaming_q.html.xlf] from regex [^target/.+\..+]
Exclude entry [target/okf_html@qq.fprm] from regex [^target/.+\..+]
Exclude entry [target/okf_xml@qq.fprm] from regex [^target/.+\..+]
Exclude entry [target/pack1/manifest.rkm] from regex [^target/.+\..+]
Exclude entry [target/pack1/original/gaming_q.html] from regex [^target/.+\..+]
Exclude entry [target/pack1/original/paq.xml] from regex [^target/.+\..+]
createEmptyFile	[target\pack1\original\.empty]
Exclude entry [target/pack1/work/gaming_q.html.xlf] from regex [^target/.+\..+]
Exclude entry [target/pack1/work/paq.xml.xlf] from regex [^target/.+\..+]
createEmptyFile	[target\pack1\work\.empty]
createEmptyFile	[target\pack1\.empty]
Exclude entry [target/pack1b/alternates.tmx] from regex [^target/.+\..+]
Exclude entry [target/pack1b/approved.tmx] from regex [^target/.+\..+]
Exclude entry [target/pack1b/leverage.tmx] from regex [^target/.+\..+]
Exclude entry [target/pack1b/unapproved.tmx] from regex [^target/.+\..+]
createEmptyFile	[target\pack1b\.empty]
Exclude entry [target/paq.xml] from regex [^target/.+\..+]
Exclude entry [target/paq.xml.xlf] from regex [^target/.+\..+]
Exclude entry [target/pisa25_qq.rnb] from regex [^target/.+\..+]
Exclude entry [target/styles.css] from regex [^target/.+\..+]
createEmptyFile	[target\.empty]
createEmptyFile	[tm\auto\.empty]
addZipDir	file	[tm\project_save.tmx]
addZipDir	file	[tm_bak\auto\gaming_q.html.xlf]
addZipDir	file	[tm_bak\auto\paq.xml.xlf]
Exclude entry [XLIFF_untranslated_OMT-level1.tmx] from regex [^(?!tm).*-(level\d|omegat)\.tmx$]
Exclude entry [XLIFF_untranslated_OMT-level2.tmx] from regex [^(?!tm).*-(level\d|omegat)\.tmx$]
Exclude entry [XLIFF_untranslated_OMT-omegat.tmx] from regex [^(?!tm).*-(level\d|omegat)\.tmx$]
Added 32 files to the Zip.
------------------------------------
Packing timestamp: 2022-03-02 19:25:32
OMT plugin version: null
User ID: "pico"
Project name: [C:\Users\souto\Sync\_Tasks\c097_PISA2021-PIAACC2_OmegaT\02_Templates\_templates_2current\repo\omegat-okapi-xliff\projects\XLIFF_untranslated_OMT]
Package name: [C:\Users\souto\Sync\_Tasks\c097_PISA2021-PIAACC2_OmegaT\02_Templates\_templates_2current\repo\omegat-okapi-xliff\projects\01_ToTranslation\XLIFF_QQ_unxl8d-src_OMT.omt]
addZipDir	file	[dictionary\.empty]
addZipDir	file	[glossary\.empty]
createEmptyFile	[glossary\glossary\.empty]
addZipDir	file	[omegat\filters.xml]
addZipDir	file	[omegat\ignored_words.txt]
addZipDir	file	[omegat\last_entry.properties]
addZipDir	file	[omegat\learned_words.txt]
addZipDir	file	[omegat\okf_html@qq.fprm]
addZipDir	file	[omegat\okf_xml@qq.fprm]
Exclude entry [omegat/omt-packer.log] from regex [omt-packer\.log$]
addZipDir	file	[omegat\project_save.tmx]
addZipDir	file	[omegat\project_save.tmx.202203012112.bak]
addZipDir	file	[omegat\project_save.tmx.202203012125.bak]
addZipDir	file	[omegat\project_save.tmx.202203012134.bak]
addZipDir	file	[omegat\project_save.tmx.202203021857.bak]
addZipDir	file	[omegat\project_save.tmx.bak]
addZipDir	file	[omegat\project_stats.txt]
addZipDir	project	[omegat.project]
addZipDir	file	[source\gaming_q.html.xlf]
addZipDir	file	[source\pack1b\alternates.tmx]
addZipDir	file	[source\pack1b\approved.tmx]
addZipDir	file	[source\pack1b\leverage.tmx]
addZipDir	file	[source\pack1b\unapproved.tmx]
addZipDir	file	[source\paq.xml.xlf]
addZipDir	file	[source\pisa25_qq.rnb]
addZipDir	file	[source - Copy\01_file1.txt]
addZipDir	file	[source - Copy\file.xlf]
addZipDir	file	[source - Copy\page.html]
addZipDir	file	[source - Copy\pisa25_qq]
addZipDir	file	[source - Copy\q.xml]
addZipDir	file	[source - Copy\survey.html]
Exclude entry [target/external.js] from regex [^target/.+\..+]
Exclude entry [target/file.xlf] from regex [^target/.+\..+]
Exclude entry [target/gaming_q.html] from regex [^target/.+\..+]
Exclude entry [target/gaming_q.html.xlf] from regex [^target/.+\..+]
Exclude entry [target/okf_html@qq.fprm] from regex [^target/.+\..+]
Exclude entry [target/okf_xml@qq.fprm] from regex [^target/.+\..+]
Exclude entry [target/pack1/manifest.rkm] from regex [^target/.+\..+]
Exclude entry [target/pack1/original/gaming_q.html] from regex [^target/.+\..+]
Exclude entry [target/pack1/original/paq.xml] from regex [^target/.+\..+]
createEmptyFile	[target\pack1\original\.empty]
Exclude entry [target/pack1/work/gaming_q.html.xlf] from regex [^target/.+\..+]
Exclude entry [target/pack1/work/paq.xml.xlf] from regex [^target/.+\..+]
createEmptyFile	[target\pack1\work\.empty]
createEmptyFile	[target\pack1\.empty]
Exclude entry [target/pack1b/alternates.tmx] from regex [^target/.+\..+]
Exclude entry [target/pack1b/approved.tmx] from regex [^target/.+\..+]
Exclude entry [target/pack1b/leverage.tmx] from regex [^target/.+\..+]
Exclude entry [target/pack1b/unapproved.tmx] from regex [^target/.+\..+]
createEmptyFile	[target\pack1b\.empty]
Exclude entry [target/paq.xml] from regex [^target/.+\..+]
Exclude entry [target/paq.xml.xlf] from regex [^target/.+\..+]
Exclude entry [target/pisa25_qq.rnb] from regex [^target/.+\..+]
Exclude entry [target/styles.css] from regex [^target/.+\..+]
createEmptyFile	[target\.empty]
createEmptyFile	[tm\auto\.empty]
addZipDir	file	[tm\project_save.tmx]
addZipDir	file	[tm_bak\auto\gaming_q.html.xlf]
addZipDir	file	[tm_bak\auto\paq.xml.xlf]
Exclude entry [XLIFF_untranslated_OMT-level1.tmx] from regex [^(?!tm).*-(level\d|omegat)\.tmx$]
Exclude entry [XLIFF_untranslated_OMT-level2.tmx] from regex [^(?!tm).*-(level\d|omegat)\.tmx$]
Exclude entry [XLIFF_untranslated_OMT-omegat.tmx] from regex [^(?!tm).*-(level\d|omegat)\.tmx$]
Added 32 files to the Zip.
